DEBUG 2018-06-29 18:20:54,965: 	 Executing command: 'submit'
DEBUG 2018-06-29 18:20:54,965: 	 Found CRAB cache file /homeui/hoh/.crab3
DEBUG 2018-06-29 18:20:54,977: 	 Checking credentials
DEBUG 2018-06-29 18:20:54,977: 	 Found proxy file /tmp/x509up_u761
DEBUG 2018-06-29 18:20:54,977: 	 Getting proxy life time left
DEBUG 2018-06-29 18:20:55,581: 	 Executing : 
 command : voms-proxy-info -file /tmp/x509up_u761 -timeleft
 output : 596772

 error: 
 retcode : 0
DEBUG 2018-06-29 18:20:56,186: 	 Executing : 
 command : voms-proxy-info -file /tmp/x509up_u761 -actimeleft
 output : 596771

 error: 
 retcode : 0
DEBUG 2018-06-29 18:20:56,186: 	 Proxy valid for 165:46:12 hours
INFO 2018-06-29 18:20:56,186: 	 Will use CRAB configuration file crab_cfg.py
DEBUG 2018-06-29 18:20:56,186: 	 Loading CRAB configuration file.
DEBUG 2018-06-29 18:20:56,194: 	 Will use CRAB Analysis plugin (i.e. will run an analysis job type).
DEBUG 2018-06-29 18:20:56,313: 	 Executing : 
 command : openssl x509 -in ~/.globus/usercert.pem -subject -noout
 output : subject= /DC=ch/DC=cern/OU=Organic Units/OU=Users/CN=shoh/CN=748746/CN=Siew Yan Hoh

 error: 
 retcode : 0
DEBUG 2018-06-29 18:20:56,313: 	 Checking credentials
DEBUG 2018-06-29 18:20:56,313: 	 Found proxy file /tmp/x509up_u761
DEBUG 2018-06-29 18:20:56,313: 	 Getting proxy life time left
DEBUG 2018-06-29 18:20:56,918: 	 Executing : 
 command : voms-proxy-info -file /tmp/x509up_u761 -timeleft
 output : 596771

 error: 
 retcode : 0
DEBUG 2018-06-29 18:20:57,522: 	 Executing : 
 command : voms-proxy-info -file /tmp/x509up_u761 -actimeleft
 output : 596770

 error: 
 retcode : 0
DEBUG 2018-06-29 18:20:57,522: 	 Proxy valid for 165:46:11 hours
DEBUG 2018-06-29 18:20:58,127: 	 Executing : 
 command : env X509_USER_PROXY=/tmp/x509up_u761 voms-proxy-info -fqan
 output : /cms/Role=NULL/Capability=NULL

 error: 
 retcode : 0
DEBUG 2018-06-29 18:20:59,406: 	 Registering user credentials for server /DC=ch/DC=cern/OU=computers/CN=vocms(045|052|021|031|0118|0118a|0119|0108|0105|0109).cern.ch
DEBUG 2018-06-29 18:20:59,520: 	 Executing : 
 command : openssl x509 -in ~/.globus/usercert.pem -subject -noout
 output : subject= /DC=ch/DC=cern/OU=Organic Units/OU=Users/CN=shoh/CN=748746/CN=Siew Yan Hoh

 error: 
 retcode : 0
DEBUG 2018-06-29 18:20:59,520: 	 Getting myproxy life time left for myproxy.cern.ch
DEBUG 2018-06-29 18:20:59,520: 	 Calculating hash of /DC=ch/DC=cern/OU=Organic Units/OU=Users/CN=shoh/CN=748746/CN=Siew Yan Hoh_cmsweb.cern.ch for credential name
DEBUG 2018-06-29 18:20:59,924: 	 Executing : 
 command : myproxy-info -l 376aeba27e364b097d3e5cfe28aff2af2333ba61 -s myproxy.cern.ch
 output : username: 376aeba27e364b097d3e5cfe28aff2af2333ba61
owner: /DC=ch/DC=cern/OU=Organic Units/OU=Users/CN=shoh/CN=748746/CN=Siew Yan Hoh
  renewal policy: /DC=ch/DC=cern/OU=computers/CN=vocms(045|052|021|031|0118|0118a|0119|0108|0105|0109).cern.ch
  trusted retrieval policy: /DC=ch/DC=cern/OU=computers/CN=vocms(045|052|021|031|0118|0118a|0119|0108|0105|0109).cern.ch
  timeleft: 451:32:18  (18.8 days)

 error: 
 retcode : 0
DEBUG 2018-06-29 18:20:59,925: 	 Myproxy is valid: 1625538
DEBUG 2018-06-29 18:20:59,925: 	 Command use: submit
DEBUG 2018-06-29 18:20:59,925: 	 Options use: ['crab_cfg.py']
DEBUG 2018-06-29 18:21:01,126: 	 CRABClient version: 3.3.1805.patch1
DEBUG 2018-06-29 18:21:01,126: 	 Instance is prod
DEBUG 2018-06-29 18:21:01,126: 	 Server base url is cmsweb.cern.ch
DEBUG 2018-06-29 18:21:01,126: 	 Command url /crabserver/prod/workflow
DEBUG 2018-06-29 18:21:01,126: 	 Started submission
DEBUG 2018-06-29 18:21:01,127: 	 Working on /lustre/cmswork/hoh/NANO/SSLep/CMSSW_9_4_6_patch1/src/PhysicsTools/NanoAODTools/crab/crab_NanoPost1
DEBUG 2018-06-29 18:21:02,363: 	 Loading required information from the environment
DEBUG 2018-06-29 18:21:02,363: 	 Found CMSSW_9_4_6_patch1 for slc6_amd64_gcc630 with base /lustre/cmswork/hoh/NANO/SSLep/CMSSW_9_4_6_patch1
DEBUG 2018-06-29 18:21:02,363: 	 Loading required information from the environment
DEBUG 2018-06-29 18:21:02,363: 	 Found CMSSW_9_4_6_patch1 for slc6_amd64_gcc630 with base /lustre/cmswork/hoh/NANO/SSLep/CMSSW_9_4_6_patch1
DEBUG 2018-06-29 18:21:02,389: 	 UNIQUE NAME: tarUUID d2e8e03d-94e8-4380-b185-2c2c7dbe4208 
DEBUG 2018-06-29 18:21:02,389: 	 self.config: from WMCore.Configuration import Configuration
config = Configuration()
config.section_('General')
config.General.transferOutputs = True
config.General.transferLogs = True
config.General.requestName = 'NanoPost1'
config.section_('JobType')
config.JobType.sendExternalFolder = True
config.JobType.scriptExe = 'crab_script.sh'
config.JobType.pluginName = 'Analysis'
config.JobType.sendPythonFolder = True
config.JobType.psetName = 'PSet.py'
config.JobType.inputFiles = ['../../../nano_postproc.py', '../../../removeDuplicate.txt']
config.section_('Data')
config.Data.outputDatasetTag = 'NanoTestPost'
config.Data.totalUnits = 2000
config.Data.unitsPerJob = 100
config.Data.userInputFiles = ['/lustre/cmswork/hoh/NANO/SSLep/data/SingleElectronRun2016B-03Feb2017_ver2-v2.root']
config.Data.inputDBS = 'global'
config.Data.splitting = 'FileBased'
config.Data.outLFNDirBase = '/store/user/shoh/'
config.Data.outputPrimaryDataset = 'SingleElectronRun2016B-03Feb2017_ver2-v2'
config.Data.publication = False
config.section_('Site')
config.Site.ignoreGlobalBlacklist = True
config.Site.whitelist = ['T3_US_FNALLPC']
config.Site.storageSite = 'T2_IT_Legnaro'

DEBUG 2018-06-29 18:21:02,389: 	 self.config.JobType.psetName: PSet.py
INFO 2018-06-29 18:21:02,389: 	 Importing CMSSW configuration PSet.py
INFO 2018-06-29 18:21:02,459: 	 Finished importing CMSSW configuration PSet.py
DEBUG 2018-06-29 18:21:02,459: 	 Writing CMSSW configuration to /lustre/cmswork/hoh/NANO/SSLep/CMSSW_9_4_6_patch1/src/PhysicsTools/NanoAODTools/crab/crab_NanoPost1/inputs/PSet.py
DEBUG 2018-06-29 18:21:02,470: 	 The following EDM output files will be collected: ['tree.root']
DEBUG 2018-06-29 18:21:02,471: 	 The following TFile output files will be collected: []
DEBUG 2018-06-29 18:21:02,471: 	 The following user output files will be collected: []
DEBUG 2018-06-29 18:21:02,471: 	 Loading required information from the environment
DEBUG 2018-06-29 18:21:02,471: 	 Found CMSSW_9_4_6_patch1 for slc6_amd64_gcc630 with base /lustre/cmswork/hoh/NANO/SSLep/CMSSW_9_4_6_patch1
DEBUG 2018-06-29 18:21:02,471: 	 Making tarball in /lustre/cmswork/hoh/NANO/SSLep/CMSSW_9_4_6_patch1/src/PhysicsTools/NanoAODTools/crab/crab_NanoPost1/inputs/d2e8e03d-94e8-4380-b185-2c2c7dbe4208default.tgz
DEBUG 2018-06-29 18:21:02,491: 	 Checking directory /lustre/cmswork/hoh/NANO/SSLep/CMSSW_9_4_6_patch1/lib
DEBUG 2018-06-29 18:21:02,491: 	 Adding directory /lustre/cmswork/hoh/NANO/SSLep/CMSSW_9_4_6_patch1/lib to tarball
DEBUG 2018-06-29 18:21:02,660: 	 Checking directory /lustre/cmswork/hoh/NANO/SSLep/CMSSW_9_4_6_patch1/biglib
DEBUG 2018-06-29 18:21:02,660: 	 Adding directory /lustre/cmswork/hoh/NANO/SSLep/CMSSW_9_4_6_patch1/biglib to tarball
DEBUG 2018-06-29 18:21:02,664: 	 Checking directory /lustre/cmswork/hoh/NANO/SSLep/CMSSW_9_4_6_patch1/module
DEBUG 2018-06-29 18:21:02,664: 	 Checking directory /lustre/cmswork/hoh/NANO/SSLep/CMSSW_9_4_6_patch1/python
DEBUG 2018-06-29 18:21:02,664: 	 Adding directory /lustre/cmswork/hoh/NANO/SSLep/CMSSW_9_4_6_patch1/python to tarball
DEBUG 2018-06-29 18:21:04,896: 	 Checking directory /lustre/cmswork/hoh/NANO/SSLep/CMSSW_9_4_6_patch1/cfipython
DEBUG 2018-06-29 18:21:04,896: 	 Adding directory /lustre/cmswork/hoh/NANO/SSLep/CMSSW_9_4_6_patch1/cfipython to tarball
DEBUG 2018-06-29 18:21:04,900: 	 Checking directory /lustre/cmswork/hoh/NANO/SSLep/CMSSW_9_4_6_patch1/external
DEBUG 2018-06-29 18:21:04,900: 	 Adding directory /lustre/cmswork/hoh/NANO/SSLep/CMSSW_9_4_6_patch1/external to tarball
DEBUG 2018-06-29 18:21:08,048: 	 Adding data directory /lustre/cmswork/hoh/NANO/SSLep/CMSSW_9_4_6_patch1/src/PhysicsTools/NanoAODTools/data to tarball
DEBUG 2018-06-29 18:21:14,123: 	 Adding data directory /lustre/cmswork/hoh/NANO/SSLep/CMSSW_9_4_6_patch1/src/PhysicsTools/NanoAODTools/interface to tarball
DEBUG 2018-06-29 18:21:14,196: 	 Adding data directory /lustre/cmswork/hoh/NANO/SSLep/CMSSW_9_4_6_patch1/src/PhysicsTools/NanoAODTools/python/postprocessing/data to tarball
DEBUG 2018-06-29 18:21:15,909: 	 Adding file ../../../nano_postproc.py to tarball
DEBUG 2018-06-29 18:21:15,911: 	 Adding file ../../../removeDuplicate.txt to tarball
DEBUG 2018-06-29 18:21:15,923: 	 Uploading archive /lustre/cmswork/hoh/NANO/SSLep/CMSSW_9_4_6_patch1/src/PhysicsTools/NanoAODTools/crab/crab_NanoPost1/inputs/d2e8e03d-94e8-4380-b185-2c2c7dbe4208default.tgz (11 MB) to the CRAB cache. Using URI https://cmsweb.cern.ch/crabcache
DEBUG 2018-06-29 18:21:26,746: 	 Loading required information from the environment
DEBUG 2018-06-29 18:21:26,746: 	 Found CMSSW_9_4_6_patch1 for slc6_amd64_gcc630 with base /lustre/cmswork/hoh/NANO/SSLep/CMSSW_9_4_6_patch1
DEBUG 2018-06-29 18:21:26,746: 	 Making tarball in /lustre/cmswork/hoh/NANO/SSLep/CMSSW_9_4_6_patch1/src/PhysicsTools/NanoAODTools/crab/crab_NanoPost1/inputs/debugFiles.tgz
DEBUG 2018-06-29 18:21:26,776: 	 Uploading archive /lustre/cmswork/hoh/NANO/SSLep/CMSSW_9_4_6_patch1/src/PhysicsTools/NanoAODTools/crab/crab_NanoPost1/inputs/debugFiles.tgz (1 KB) to the CRAB cache. Using URI https://cmsweb.cern.ch/crabcache
DEBUG 2018-06-29 18:21:28,000: 	 Result uploading input files: 117592c534cd87dcd696ad275eb51812bbef94a265dda2e9b00140f05d48dd94.tar.gz 
DEBUG 2018-06-29 18:21:28,001: 	 Attaching list of user-specified primary input files.
INFO 2018-06-29 18:21:28,001: 	 Sending the request to the server
DEBUG 2018-06-29 18:21:28,001: 	 Submitting {'maxjobruntime': 1250, 'extrajdl': [], 'lfn': '/store/user/shoh/', 'savelogsflag': 1, 'useparent': 0, 'scriptexe': 'crab_script.sh', 'asyncdest': 'T2_IT_Legnaro', 'algoargs': 100, 'cachefilename': '117592c534cd87dcd696ad275eb51812bbef94a265dda2e9b00140f05d48dd94.tar.gz', 'numcores': 1, 'addoutputfiles': [], 'generator': 'pythia', 'maxmemory': 2000, 'publishdbsurl': 'https://cmsweb.cern.ch/dbs/prod/phys03/DBSWriter', 'priority': 10, 'jobsw': 'CMSSW_9_4_6_patch1', 'edmoutfiles': ['tree.root'], 'userfiles': set(['/lustre/cmswork/hoh/NANO/SSLep/data/SingleElectronRun2016B-03Feb2017_ver2-v2.root']), 'primarydataset': 'SingleElectronRun2016B-03Feb2017_ver2-v2', 'inputdata': '', 'ignorelocality': 0, 'dryrun': 0, 'workflow': 'crab_NanoPost1', 'sitewhitelist': ['T3_US_FNALLPC'], 'nonprodsw': 0, 'tfileoutfiles': [], 'oneEventMode': 0, 'debugfilename': '54defad79ad704b1d9f8d432306f2d3359c6c9195b8991788474cebd112ee7bb.tar.gz', 'cacheurl': u'https://cmsweb.cern.ch/crabcache', 'saveoutput': 1, 'publication': 0, 'jobarch': 'slc6_amd64_gcc630', 'totalunits': 2000, 'splitalgo': 'FileBased', 'ignoreglobalblacklist': 1, 'nonvaliddata': 0, 'dbsurl': 'https://cmsweb.cern.ch/dbs/prod/global/DBSReader', 'publishgroupname': 0, 'jobtype': 'Analysis', 'publishname2': 'NanoTestPost'} 
DEBUG 2018-06-29 18:21:28,001: 	 Encoded submit request: maxjobruntime=1250&lfn=%2Fstore%2Fuser%2Fshoh%2F&savelogsflag=1&useparent=0&scriptexe=crab_script.sh&asyncdest=T2_IT_Legnaro&algoargs=100&cachefilename=117592c534cd87dcd696ad275eb51812bbef94a265dda2e9b00140f05d48dd94.tar.gz&numcores=1&generator=pythia&maxmemory=2000&publishdbsurl=https%3A%2F%2Fcmsweb.cern.ch%2Fdbs%2Fprod%2Fphys03%2FDBSWriter&priority=10&jobsw=CMSSW_9_4_6_patch1&primarydataset=SingleElectronRun2016B-03Feb2017_ver2-v2&inputdata=&ignorelocality=0&dryrun=0&workflow=crab_NanoPost1&nonprodsw=0&oneEventMode=0&debugfilename=54defad79ad704b1d9f8d432306f2d3359c6c9195b8991788474cebd112ee7bb.tar.gz&cacheurl=https%3A%2F%2Fcmsweb.cern.ch%2Fcrabcache&saveoutput=1&publication=0&jobarch=slc6_amd64_gcc630&totalunits=2000&splitalgo=FileBased&ignoreglobalblacklist=1&nonvaliddata=0&dbsurl=https%3A%2F%2Fcmsweb.cern.ch%2Fdbs%2Fprod%2Fglobal%2FDBSReader&publishgroupname=0&jobtype=Analysis&publishname2=NanoTestPost&sitewhitelist=T3_US_FNALLPC&edmoutfiles=tree.root&userfiles=/lustre/cmswork/hoh/NANO/SSLep/data/SingleElectronRun2016B-03Feb2017_ver2-v2.root
DEBUG 2018-06-29 18:21:29,507: 	 Result: {u'result': [{u'RequestName': u'180629_162129:shoh_crab_NanoPost1'}]}
INFO 2018-06-29 18:21:29,528: 	 Success: Your task has been delivered to the CRAB3 server.
INFO 2018-06-29 18:21:29,528: 	 Task name: 180629_162129:shoh_crab_NanoPost1
INFO 2018-06-29 18:21:29,529: 	 Please use 'crab status' to check how the submission process proceeds.
DEBUG 2018-06-29 18:21:29,529: 	 About to return
INFO 2018-06-29 18:21:29,534: 	 Log file is /lustre/cmswork/hoh/NANO/SSLep/CMSSW_9_4_6_patch1/src/PhysicsTools/NanoAODTools/crab/crab_NanoPost1/crab.log
DEBUG 2018-06-29 18:26:47,574: 	 Executing command: 'status'
DEBUG 2018-06-29 18:26:47,574: 	 Found CRAB cache file /homeui/hoh/.crab3
DEBUG 2018-06-29 18:26:47,590: 	 Checking credentials
DEBUG 2018-06-29 18:26:47,591: 	 Found proxy file /tmp/x509up_u761
DEBUG 2018-06-29 18:26:47,591: 	 Getting proxy life time left
DEBUG 2018-06-29 18:26:48,195: 	 Executing : 
 command : voms-proxy-info -file /tmp/x509up_u761 -timeleft
 output : 596419

 error: 
 retcode : 0
DEBUG 2018-06-29 18:26:48,800: 	 Executing : 
 command : voms-proxy-info -file /tmp/x509up_u761 -actimeleft
 output : 596419

 error: 
 retcode : 0
DEBUG 2018-06-29 18:26:48,800: 	 Proxy valid for 165:40:19 hours
DEBUG 2018-06-29 18:26:48,916: 	 Executing : 
 command : openssl x509 -in ~/.globus/usercert.pem -subject -noout
 output : subject= /DC=ch/DC=cern/OU=Organic Units/OU=Users/CN=shoh/CN=748746/CN=Siew Yan Hoh

 error: 
 retcode : 0
DEBUG 2018-06-29 18:26:48,916: 	 Checking credentials
DEBUG 2018-06-29 18:26:48,916: 	 Found proxy file /tmp/x509up_u761
DEBUG 2018-06-29 18:26:48,916: 	 Getting proxy life time left
DEBUG 2018-06-29 18:26:49,621: 	 Executing : 
 command : voms-proxy-info -file /tmp/x509up_u761 -timeleft
 output : 596418

 error: 
 retcode : 0
DEBUG 2018-06-29 18:26:50,225: 	 Executing : 
 command : voms-proxy-info -file /tmp/x509up_u761 -actimeleft
 output : 596417

 error: 
 retcode : 0
DEBUG 2018-06-29 18:26:50,226: 	 Proxy valid for 165:40:18 hours
DEBUG 2018-06-29 18:26:51,488: 	 Registering user credentials for server /DC=ch/DC=cern/OU=computers/CN=vocms(045|052|021|031|0118|0118a|0119|0108|0105|0109).cern.ch
DEBUG 2018-06-29 18:26:51,601: 	 Executing : 
 command : openssl x509 -in ~/.globus/usercert.pem -subject -noout
 output : subject= /DC=ch/DC=cern/OU=Organic Units/OU=Users/CN=shoh/CN=748746/CN=Siew Yan Hoh

 error: 
 retcode : 0
DEBUG 2018-06-29 18:26:51,601: 	 Getting myproxy life time left for myproxy.cern.ch
DEBUG 2018-06-29 18:26:51,601: 	 Calculating hash of /DC=ch/DC=cern/OU=Organic Units/OU=Users/CN=shoh/CN=748746/CN=Siew Yan Hoh_cmsweb.cern.ch for credential name
DEBUG 2018-06-29 18:26:52,005: 	 Executing : 
 command : myproxy-info -l 376aeba27e364b097d3e5cfe28aff2af2333ba61 -s myproxy.cern.ch
 output : username: 376aeba27e364b097d3e5cfe28aff2af2333ba61
owner: /DC=ch/DC=cern/OU=Organic Units/OU=Users/CN=shoh/CN=748746/CN=Siew Yan Hoh
  renewal policy: /DC=ch/DC=cern/OU=computers/CN=vocms(045|052|021|031|0118|0118a|0119|0108|0105|0109).cern.ch
  trusted retrieval policy: /DC=ch/DC=cern/OU=computers/CN=vocms(045|052|021|031|0118|0118a|0119|0108|0105|0109).cern.ch
  timeleft: 451:26:26  (18.8 days)

 error: 
 retcode : 0
DEBUG 2018-06-29 18:26:52,006: 	 Myproxy is valid: 1625186
DEBUG 2018-06-29 18:26:52,006: 	 Command use: status
DEBUG 2018-06-29 18:26:52,006: 	 Options use: []
DEBUG 2018-06-29 18:26:53,211: 	 CRABClient version: 3.3.1805.patch1
DEBUG 2018-06-29 18:26:53,211: 	 Instance is prod
DEBUG 2018-06-29 18:26:53,211: 	 Server base url is cmsweb.cern.ch
DEBUG 2018-06-29 18:26:53,211: 	 Command url /crabserver/prod/workflow
DEBUG 2018-06-29 18:26:54,505: 	 Got information from server oracle database: {u'result': [u'180629_162129:shoh_crab_NanoPost1', u'None', u'None', u'SUBMITTED', u'SUBMIT', u'2018-06-29 16:21:29.494037', u'None', u'2018-06-29 16:22:23.046694', u'None', u'CMSSW_9_4_6_patch1', u'slc6_amd64_gcc630', u'None', u'F', u'0', u"['T3_US_FNALLPC']", u'[]', u'FileBased', u"{'splitOnRun': False, 'halt_job_on_file_boundaries': False, 'files_per_job': 100, 'runs': [], 'lumis': []}", u'117592c534cd87dcd696ad275eb51812bbef94a265dda2e9b00140f05d48dd94.tar.gz', u'https://cmsweb.cern.ch/crabcache', u'shoh', u'/DC=ch/DC=cern/OU=Organic Units/OU=Users/CN=shoh/CN=748746/CN=Siew Yan Hoh', u'cms', u'None', u'None', u'NanoTestPost-00000000000000000000000000000000', u'F', u'T2_IT_Legnaro', u'https://cmsweb.cern.ch/dbs/prod/global/DBSReader', u'https://cmsweb.cern.ch/dbs/prod/phys03/DBSWriter', u'F', u'[]', u'[]', u"['tree.root']", u'Analysis', u'pythia', u'None', u'{}', u'[]', u'T', u'vocms052', u'[]', u'1250', u'1', u'2000', u'10', u'None', u'[]', u'http://vocms0195.cern.ch/mon/cms347/180629_162129:shoh_crab_NanoPost1', u'crab_script.sh', u'[]', u'[]', u'https://cmsweb.cern.ch/crabserver/prod', u'cmsgwms-collector-global.cern.ch:9620,cmssrv221.fnal.gov:9620', u'crab3@vocms0195.cern.ch', u'F', u"['/lustre/cmswork/hoh/NANO/SSLep/data/SingleElectronRun2016B-03Feb2017_ver2-v2.root']", u'T', u'/store/user/shoh/', u'F', u'None', u'F', u'None', u'SingleElectronRun2016B-03Feb2017_ver2-v2', u'None', u'54defad79ad704b1d9f8d432306f2d3359c6c9195b8991788474cebd112ee7bb.tar.gz', u'23379749', u'filetransfers', u'T', u'193.206.210.118', u'2000.0'], u'desc': {u'columns': [u'tm_taskname', u'tm_activity', u'panda_jobset_id', u'tm_task_status', u'tm_task_command', u'tm_start_time', u'tm_start_injection', u'tm_end_injection', u'tm_task_failure', u'tm_job_sw', u'tm_job_arch', u'tm_input_dataset', u'tm_nonvalid_input_dataset', u'tm_use_parent', u'tm_site_whitelist', u'tm_site_blacklist', u'tm_split_algo', u'tm_split_args', u'tm_user_sandbox', u'tm_cache_url', u'tm_username', u'tm_user_dn', u'tm_user_vo', u'tm_user_role', u'tm_user_group', u'tm_publish_name', u'tm_publish_groupname', u'tm_asyncdest', u'tm_dbs_url', u'tm_publish_dbs_url', u'tm_publication', u'tm_outfiles', u'tm_tfile_outfiles', u'tm_edm_outfiles', u'tm_job_type', u'tm_generator', u'tm_events_per_lumi', u'tm_arguments', u'panda_resubmitted_jobs', u'tm_save_logs', u'tw_name', u'tm_user_infiles', u'tm_maxjobruntime', u'tm_numcores', u'tm_maxmemory', u'tm_priority', u'tm_output_dataset', u'tm_task_warnings', u'tm_user_webdir', u'tm_scriptexe', u'tm_scriptargs', u'tm_extrajdl', u'tm_asourl', u'tm_collector', u'tm_schedd', u'tm_dry_run', u'tm_user_files', u'tm_transfer_outputs', u'tm_output_lfn', u'tm_ignore_locality', u'tm_fail_limit', u'tm_one_event_mode', u'tm_secondary_input_dataset', u'tm_primary_dataset', u'tm_last_publication', u'tm_debug_files', u'clusterid', u'tm_asodb', u'tm_ignore_global_blacklist', u'tm_submitter_ip_addr', u'tm_totalunits']}}
INFO 2018-06-29 18:26:54,505: 	 CRAB project directory:		/lustre/cmswork/hoh/NANO/SSLep/CMSSW_9_4_6_patch1/src/PhysicsTools/NanoAODTools/crab/crab_NanoPost1
INFO 2018-06-29 18:26:54,506: 	 Task name:			180629_162129:shoh_crab_NanoPost1
INFO 2018-06-29 18:26:54,506: 	 Grid scheduler:			crab3@vocms0195.cern.ch
INFO 2018-06-29 18:26:54,506: 	 Status on the CRAB server:	SUBMITTED
INFO 2018-06-29 18:26:54,506: 	 Task URL to use for HELP:	https://cmsweb.cern.ch/crabserver/ui/task/180629_162129%3Ashoh_crab_NanoPost1
INFO 2018-06-29 18:26:54,506: 	 Dashboard monitoring URL:	http://dashb-cms-job.cern.ch/dashboard/templates/task-analysis/#user=shoh&refresh=0&table=Jobs&p=1&records=25&activemenu=2&status=&site=&tid=180629_162129%3Ashoh_crab_NanoPost1
DEBUG 2018-06-29 18:26:54,506: 	 The CRAB server submitted your task to the Grid scheduler (cluster ID: 23379749)
DEBUG 2018-06-29 18:26:54,506: 	 Webdir is located at http://vocms0195.cern.ch/mon/cms347/180629_162129:shoh_crab_NanoPost1
DEBUG 2018-06-29 18:26:55,715: 	 Proxied webdir is located at https://cmsweb.cern.ch/scheddmon/0195/cms347/180629_162129:shoh_crab_NanoPost1
DEBUG 2018-06-29 18:26:55,715: 	 Retrieving 'status_cache' file from https://cmsweb.cern.ch/scheddmon/0195/cms347/180629_162129:shoh_crab_NanoPost1/status_cache
DEBUG 2018-06-29 18:26:56,889: 	 Got information from status cache file: {'1': {'Retries': 0, 'WallDurations': [0], 'StartTimes': [], 'SubmitTimes': [1530289356.0], 'JobIds': ['23379753.0'], 'EndTimes': [], 'Restarts': 0, 'RecordedSite': False, 'State': 'idle', 'ResidentSetSize': [0], 'TotalUserCpuTimeHistory': [0.0], 'SiteHistory': ['Unknown'], 'TotalSysCpuTimeHistory': [0.0]}}
INFO 2018-06-29 18:26:56,890: 	 Status on the scheduler:	SUBMITTED
INFO 2018-06-29 18:26:56,890: 	 
Jobs status:                    idle          100.0% (1/1)
INFO 2018-06-29 18:26:56,890: 	 
No publication information (publication has been disabled in the CRAB configuration file)
INFO 2018-06-29 18:26:56,919: 	 Log file is /lustre/cmswork/hoh/NANO/SSLep/CMSSW_9_4_6_patch1/src/PhysicsTools/NanoAODTools/crab/crab_NanoPost1/crab.log
